d:\universidad\segundo\c++\proyecto2\animalcooking\animalcooking\x64\debug\vc142.pdb
d:\universidad\segundo\c++\proyecto2\animalcooking\animalcooking\x64\debug\vc142.idb
d:\universidad\segundo\c++\proyecto2\animalcooking\animalcooking\x64\debug\collisionssystem.obj
d:\universidad\segundo\c++\proyecto2\animalcooking\animalcooking\x64\debug\collisions.obj
d:\universidad\segundo\c++\proyecto2\animalcooking\animalcooking\x64\debug\buttonrendererhouse.obj
d:\universidad\segundo\c++\proyecto2\animalcooking\animalcooking\x64\debug\buttonrenderer.obj
d:\universidad\segundo\c++\proyecto2\animalcooking\animalcooking\x64\debug\buttonpadnavigation.obj
d:\universidad\segundo\c++\proyecto2\animalcooking\animalcooking\x64\debug\buttonbehaviournc.obj
d:\universidad\segundo\c++\proyecto2\animalcooking\animalcooking\x64\debug\buttonbehaviour.obj
d:\universidad\segundo\c++\proyecto2\animalcooking\animalcooking\x64\debug\burnedcookeradversity.obj
d:\universidad\segundo\c++\proyecto2\animalcooking\animalcooking\x64\debug\binviewer.obj
d:\universidad\segundo\c++\proyecto2\animalcooking\animalcooking\x64\debug\binentity.obj
d:\universidad\segundo\c++\proyecto2\animalcooking\animalcooking\x64\debug\binadder.obj
d:\universidad\segundo\c++\proyecto2\animalcooking\animalcooking\x64\debug\backgroundviewer.obj
d:\universidad\segundo\c++\proyecto2\animalcooking\animalcooking\x64\debug\audiomanager.obj
d:\universidad\segundo\c++\proyecto2\animalcooking\animalcooking\x64\debug\attack.obj
d:\universidad\segundo\c++\proyecto2\animalcooking\animalcooking\x64\debug\assistantviewer.obj
d:\universidad\segundo\c++\proyecto2\animalcooking\animalcooking\x64\debug\assistantmotion.obj
d:\universidad\segundo\c++\proyecto2\animalcooking\animalcooking\x64\debug\animator.obj
d:\universidad\segundo\c++\proyecto2\animalcooking\animalcooking\x64\debug\aiingredient.obj
d:\universidad\segundo\c++\proyecto2\animalcooking\animalcooking\x64\debug\aiclient.obj
d:\universidad\segundo\c++\proyecto2\animalcooking\animalcooking\x64\debug\adversityadder.obj
d:\universidad\segundo\c++\proyecto2\animalcooking\animalcooking\x64\debug\entity.obj
d:\universidad\segundo\c++\proyecto2\animalcooking\animalcooking\x64\debug\endstate.obj
d:\universidad\segundo\c++\proyecto2\animalcooking\animalcooking\x64\debug\doorrenderer.obj
d:\universidad\segundo\c++\proyecto2\animalcooking\animalcooking\x64\debug\door.obj
d:\universidad\segundo\c++\proyecto2\animalcooking\animalcooking\x64\debug\dishviewer.obj
d:\universidad\segundo\c++\proyecto2\animalcooking\animalcooking\x64\debug\dishstackviewer.obj
d:\universidad\segundo\c++\proyecto2\animalcooking\animalcooking\x64\debug\dishstack.obj
d:\universidad\segundo\c++\proyecto2\animalcooking\animalcooking\x64\debug\dishpool.obj
d:\universidad\segundo\c++\proyecto2\animalcooking\animalcooking\x64\debug\dishmotion.obj
d:\universidad\segundo\c++\proyecto2\animalcooking\animalcooking\x64\debug\dishfinisher.obj
d:\universidad\segundo\c++\proyecto2\animalcooking\animalcooking\x64\debug\dishadder.obj
d:\universidad\segundo\c++\proyecto2\animalcooking\animalcooking\x64\debug\dish.obj
d:\universidad\segundo\c++\proyecto2\animalcooking\animalcooking\x64\debug\creditsviewer.obj
d:\universidad\segundo\c++\proyecto2\animalcooking\animalcooking\x64\debug\creditsstate.obj
d:\universidad\segundo\c++\proyecto2\animalcooking\animalcooking\x64\debug\cookerviewer.obj
d:\universidad\segundo\c++\proyecto2\animalcooking\animalcooking\x64\debug\cookersadder.obj
d:\universidad\segundo\c++\proyecto2\animalcooking\animalcooking\x64\debug\cookerpool.obj
d:\universidad\segundo\c++\proyecto2\animalcooking\animalcooking\x64\debug\cooker.obj
d:\universidad\segundo\c++\proyecto2\animalcooking\animalcooking\x64\debug\configstate.obj
d:\universidad\segundo\c++\proyecto2\animalcooking\animalcooking\x64\debug\component.obj
d:\universidad\segundo\c++\proyecto2\animalcooking\animalcooking\x64\debug\gpadkeyswitcher.obj
d:\universidad\segundo\c++\proyecto2\animalcooking\animalcooking\x64\debug\gpadcontroller.obj
d:\universidad\segundo\c++\proyecto2\animalcooking\animalcooking\x64\debug\gamemanageradder.obj
d:\universidad\segundo\c++\proyecto2\animalcooking\animalcooking\x64\debug\gamelogic.obj
d:\universidad\segundo\c++\proyecto2\animalcooking\animalcooking\x64\debug\gamecontrol.obj
d:\universidad\segundo\c++\proyecto2\animalcooking\animalcooking\x64\debug\fsm.obj
d:\universidad\segundo\c++\proyecto2\animalcooking\animalcooking\x64\debug\foodviewer.obj
d:\universidad\segundo\c++\proyecto2\animalcooking\animalcooking\x64\debug\foodpooladder.obj
d:\universidad\segundo\c++\proyecto2\animalcooking\animalcooking\x64\debug\foodpool.obj
d:\universidad\segundo\c++\proyecto2\animalcooking\animalcooking\x64\debug\foodmotion.obj
d:\universidad\segundo\c++\proyecto2\animalcooking\animalcooking\x64\debug\foodgiverviewer.obj
d:\universidad\segundo\c++\proyecto2\animalcooking\animalcooking\x64\debug\foodgiveradder.obj
d:\universidad\segundo\c++\proyecto2\animalcooking\animalcooking\x64\debug\foodgiver.obj
d:\universidad\segundo\c++\proyecto2\animalcooking\animalcooking\x64\debug\fooddictionary.obj
d:\universidad\segundo\c++\proyecto2\animalcooking\animalcooking\x64\debug\foodcooker.obj
d:\universidad\segundo\c++\proyecto2\animalcooking\animalcooking\x64\debug\foodconfig.obj
d:\universidad\segundo\c++\proyecto2\animalcooking\animalcooking\x64\debug\food.obj
d:\universidad\segundo\c++\proyecto2\animalcooking\animalcooking\x64\debug\fontsmanager.obj
d:\universidad\segundo\c++\proyecto2\animalcooking\animalcooking\x64\debug\font.obj
d:\universidad\segundo\c++\proyecto2\animalcooking\animalcooking\x64\debug\feedback.obj
d:\universidad\segundo\c++\proyecto2\animalcooking\animalcooking\x64\debug\loadingbarviewer.obj
d:\universidad\segundo\c++\proyecto2\animalcooking\animalcooking\x64\debug\levelviewer.obj
d:\universidad\segundo\c++\proyecto2\animalcooking\animalcooking\x64\debug\levelinitializer.obj
d:\universidad\segundo\c++\proyecto2\animalcooking\animalcooking\x64\debug\keyboardkeyswitcherviewer.obj
d:\universidad\segundo\c++\proyecto2\animalcooking\animalcooking\x64\debug\keyboardkeyswitcher.obj
d:\universidad\segundo\c++\proyecto2\animalcooking\animalcooking\x64\debug\keyboardcontroller.obj
d:\universidad\segundo\c++\proyecto2\animalcooking\animalcooking\x64\debug\jute.obj
d:\universidad\segundo\c++\proyecto2\animalcooking\animalcooking\x64\debug\interactive.obj
d:\universidad\segundo\c++\proyecto2\animalcooking\animalcooking\x64\debug\interactionrect.obj
d:\universidad\segundo\c++\proyecto2\animalcooking\animalcooking\x64\debug\insertexpel.obj
d:\universidad\segundo\c++\proyecto2\animalcooking\animalcooking\x64\debug\inputhandler.obj
d:\universidad\segundo\c++\proyecto2\animalcooking\animalcooking\x64\debug\ingredientviewer.obj
d:\universidad\segundo\c++\proyecto2\animalcooking\animalcooking\x64\debug\ingredientspool.obj
d:\universidad\segundo\c++\proyecto2\animalcooking\animalcooking\x64\debug\ingredientmotion.obj
d:\universidad\segundo\c++\proyecto2\animalcooking\animalcooking\x64\debug\ingredientinitializer.obj
d:\universidad\segundo\c++\proyecto2\animalcooking\animalcooking\x64\debug\ingredient.obj
d:\universidad\segundo\c++\proyecto2\animalcooking\animalcooking\x64\debug\ingadder.obj
d:\universidad\segundo\c++\proyecto2\animalcooking\animalcooking\x64\debug\imageviewer.obj
d:\universidad\segundo\c++\proyecto2\animalcooking\animalcooking\x64\debug\hookadversity.obj
d:\universidad\segundo\c++\proyecto2\animalcooking\animalcooking\x64\debug\gpadkeyswitcherviewer.obj
d:\universidad\segundo\c++\proyecto2\animalcooking\animalcooking\x64\debug\pickable.obj
d:\universidad\segundo\c++\proyecto2\animalcooking\animalcooking\x64\debug\pausestate.obj
d:\universidad\segundo\c++\proyecto2\animalcooking\animalcooking\x64\debug\orderviewer.obj
d:\universidad\segundo\c++\proyecto2\animalcooking\animalcooking\x64\debug\orderserviceviewer.obj
d:\universidad\segundo\c++\proyecto2\animalcooking\animalcooking\x64\debug\orderservice.obj
d:\universidad\segundo\c++\proyecto2\animalcooking\animalcooking\x64\debug\ordermanager.obj
d:\universidad\segundo\c++\proyecto2\animalcooking\animalcooking\x64\debug\orderadder.obj
d:\universidad\segundo\c++\proyecto2\animalcooking\animalcooking\x64\debug\order.obj
d:\universidad\segundo\c++\proyecto2\animalcooking\animalcooking\x64\debug\nameasker.obj
d:\universidad\segundo\c++\proyecto2\animalcooking\animalcooking\x64\debug\multipleadversitymanager.obj
d:\universidad\segundo\c++\proyecto2\animalcooking\animalcooking\x64\debug\menustate.obj
d:\universidad\segundo\c++\proyecto2\animalcooking\animalcooking\x64\debug\menubuttonrenderer.obj
d:\universidad\segundo\c++\proyecto2\animalcooking\animalcooking\x64\debug\menubuttonbehaviour.obj
d:\universidad\segundo\c++\proyecto2\animalcooking\animalcooking\x64\debug\mapstate.obj
d:\universidad\segundo\c++\proyecto2\animalcooking\animalcooking\x64\debug\mapinfoboxviewer.obj
d:\universidad\segundo\c++\proyecto2\animalcooking\animalcooking\x64\debug\mapconfig.obj
d:\universidad\segundo\c++\proyecto2\animalcooking\animalcooking\x64\debug\animalcooking.obj
d:\universidad\segundo\c++\proyecto2\animalcooking\animalcooking\x64\debug\manager.obj
d:\universidad\segundo\c++\proyecto2\animalcooking\animalcooking\x64\debug\mainmenupadnavigation.obj
d:\universidad\segundo\c++\proyecto2\animalcooking\animalcooking\x64\debug\main.obj
d:\universidad\segundo\c++\proyecto2\animalcooking\animalcooking\x64\debug\selectorpopup.obj
d:\universidad\segundo\c++\proyecto2\animalcooking\animalcooking\x64\debug\selector.obj
d:\universidad\segundo\c++\proyecto2\animalcooking\animalcooking\x64\debug\sdl_macros.obj
d:\universidad\segundo\c++\proyecto2\animalcooking\animalcooking\x64\debug\sdltexturesmanager.obj
d:\universidad\segundo\c++\proyecto2\animalcooking\animalcooking\x64\debug\sdlrenderer.obj
d:\universidad\segundo\c++\proyecto2\animalcooking\animalcooking\x64\debug\sdlgame.obj
d:\universidad\segundo\c++\proyecto2\animalcooking\animalcooking\x64\debug\sdlfontsmanager.obj
d:\universidad\segundo\c++\proyecto2\animalcooking\animalcooking\x64\debug\sdlaudiomanager.obj
d:\universidad\segundo\c++\proyecto2\animalcooking\animalcooking\x64\debug\screenloader.obj
d:\universidad\segundo\c++\proyecto2\animalcooking\animalcooking\x64\debug\scoreviewer.obj
d:\universidad\segundo\c++\proyecto2\animalcooking\animalcooking\x64\debug\scoremanager.obj
d:\universidad\segundo\c++\proyecto2\animalcooking\animalcooking\x64\debug\resources.obj
d:\universidad\segundo\c++\proyecto2\animalcooking\animalcooking\x64\debug\randomnumbergenerator.obj
d:\universidad\segundo\c++\proyecto2\animalcooking\animalcooking\x64\debug\rainadversity.obj
d:\universidad\segundo\c++\proyecto2\animalcooking\animalcooking\x64\debug\playstate.obj
d:\universidad\segundo\c++\proyecto2\animalcooking\animalcooking\x64\debug\playerviewer.obj
d:\universidad\segundo\c++\proyecto2\animalcooking\animalcooking\x64\debug\playersadder.obj
d:\universidad\segundo\c++\proyecto2\animalcooking\animalcooking\x64\debug\playermotion.obj
d:\universidad\segundo\c++\proyecto2\animalcooking\animalcooking\x64\debug\playercontroller.obj
d:\universidad\segundo\c++\proyecto2\animalcooking\animalcooking\x64\debug\planeadversity.obj
d:\universidad\segundo\c++\proyecto2\animalcooking\animalcooking\x64\debug\utensil.obj
d:\universidad\segundo\c++\proyecto2\animalcooking\animalcooking\x64\debug\transport.obj
d:\universidad\segundo\c++\proyecto2\animalcooking\animalcooking\x64\debug\transform.obj
d:\universidad\segundo\c++\proyecto2\animalcooking\animalcooking\x64\debug\timerviewer.obj
d:\universidad\segundo\c++\proyecto2\animalcooking\animalcooking\x64\debug\timer.obj
d:\universidad\segundo\c++\proyecto2\animalcooking\animalcooking\x64\debug\texturesmanager.obj
d:\universidad\segundo\c++\proyecto2\animalcooking\animalcooking\x64\debug\texture.obj
d:\universidad\segundo\c++\proyecto2\animalcooking\animalcooking\x64\debug\switcherkeyboard.obj
d:\universidad\segundo\c++\proyecto2\animalcooking\animalcooking\x64\debug\switchergpad.obj
d:\universidad\segundo\c++\proyecto2\animalcooking\animalcooking\x64\debug\state.obj
d:\universidad\segundo\c++\proyecto2\animalcooking\animalcooking\x64\debug\srandbasedgenerator.obj
d:\universidad\segundo\c++\proyecto2\animalcooking\animalcooking\x64\debug\sliderrenderer.obj
d:\universidad\segundo\c++\proyecto2\animalcooking\animalcooking\x64\debug\sliderbehaviour.obj
d:\universidad\segundo\c++\proyecto2\animalcooking\animalcooking\x64\debug\selectorpopupentity.obj
d:\universidad\segundo\c++\proyecto2\animalcooking\animalcooking\x64\debug\sinkviewer.obj
d:\universidad\segundo\c++\proyecto2\animalcooking\animalcooking\x64\debug\sinkadder.obj
d:\universidad\segundo\c++\proyecto2\animalcooking\animalcooking\x64\debug\sink.obj
d:\universidad\segundo\c++\proyecto2\animalcooking\animalcooking\x64\debug\shelfviewer.obj
d:\universidad\segundo\c++\proyecto2\animalcooking\animalcooking\x64\debug\shelfadder.obj
d:\universidad\segundo\c++\proyecto2\animalcooking\animalcooking\x64\debug\shelf.obj
d:\universidad\segundo\c++\proyecto2\animalcooking\animalcooking\x64\debug\walladder.obj
d:\universidad\segundo\c++\proyecto2\animalcooking\animalcooking\x64\debug\wall.obj
d:\universidad\segundo\c++\proyecto2\animalcooking\animalcooking\x64\debug\vector2d.obj
d:\universidad\segundo\c++\proyecto2\animalcooking\animalcooking\x64\debug\utensilsviewer.obj
d:\universidad\segundo\c++\proyecto2\animalcooking\animalcooking\x64\debug\utensilspool.obj
d:\universidad\segundo\c++\proyecto2\animalcooking\animalcooking\x64\debug\utensilsmotion.obj
d:\universidad\segundo\c++\proyecto2\animalcooking\animalcooking\x64\debug\utensilsadder.obj
d:\universidad\segundo\c++\proyecto2\animalcooking\animalcooking\x64\debug\bubblekeyshower.obj
d:\universidad\segundo\c++\proyecto2\animalcooking\animalcooking\x64\debug\firepool.obj
d:\universidad\segundo\c++\proyecto2\animalcooking\animalcooking\x64\debug\pidgeonadversity.obj
d:\universidad\segundo\c++\proyecto2\animalcooking\animalcooking\x64\debug\tool.obj
d:\universidad\segundo\c++\proyecto2\animalcooking\animalcooking\x64\debug\bucketviewer.obj
d:\universidad\segundo\c++\proyecto2\animalcooking\animalcooking\x64\debug\bucketmotion.obj
d:\universidad\segundo\c++\proyecto2\animalcooking\animalcooking\x64\debug\buttoncheckrenderer.obj
d:\universidad\segundo\c++\proyecto2\animalcooking\animalcooking\x64\debug\wallopacitymanager.obj
d:\universidad\segundo\c++\proyecto2\animalcooking\animalcooking\x64\debug\enviromentviewer.obj
d:\universidad\segundo\c++\proyecto2\animalcooking\animalcooking\x64\debug\enviromentunit.obj
d:\universidad\segundo\c++\proyecto2\animalcooking\animalcooking\x64\debug\enviromentpool.obj
d:\universidad\segundo\c++\proyecto2\animalcooking\animalcooking\x64\debug\enviromentcontrol.obj
d:\universidad\segundo\c++\proyecto2\animalcooking\animalcooking\x64\debug\enviromentadder.obj
d:\universidad\segundo\c++\proyecto2\animalcooking\animalcooking\x64\debug\ghostlife.obj
d:\universidad\segundo\c++\proyecto2\animalcooking\animalcooking\x64\debug\ghost.obj
d:\universidad\segundo\c++\proyecto2\animalcooking\animalcooking\x64\debug\sdlrendererframe.obj
d:\universidad\segundo\c++\proyecto2\animalcooking\animalcooking\x64\debug\ghostpool.obj
d:\universidad\segundo\c++\proyecto2\animalcooking\animalcooking\x64\debug\ingredientsdeathadversity.obj
d:\universidad\segundo\c++\proyecto2\animalcooking\animalcooking\x64\debug\animalcooking.res
d:\universidad\segundo\c++\proyecto2\animalcooking\\bin\animalcooking.pdb
d:\universidad\segundo\c++\proyecto2\animalcooking\animalcooking\x64\debug\animalcooking.tlog\cl.command.1.tlog
d:\universidad\segundo\c++\proyecto2\animalcooking\animalcooking\x64\debug\animalcooking.tlog\cl.read.1.tlog
d:\universidad\segundo\c++\proyecto2\animalcooking\animalcooking\x64\debug\animalcooking.tlog\cl.write.1.tlog
d:\universidad\segundo\c++\proyecto2\animalcooking\animalcooking\x64\debug\animalcooking.tlog\link.7804-cvtres.read.1.tlog
d:\universidad\segundo\c++\proyecto2\animalcooking\animalcooking\x64\debug\animalcooking.tlog\link.7804-cvtres.write.1.tlog
d:\universidad\segundo\c++\proyecto2\animalcooking\animalcooking\x64\debug\animalcooking.tlog\link.7804-rc.read.1.tlog
d:\universidad\segundo\c++\proyecto2\animalcooking\animalcooking\x64\debug\animalcooking.tlog\link.7804-rc.write.1.tlog
d:\universidad\segundo\c++\proyecto2\animalcooking\animalcooking\x64\debug\animalcooking.tlog\link.7804.read.1.tlog
d:\universidad\segundo\c++\proyecto2\animalcooking\animalcooking\x64\debug\animalcooking.tlog\link.7804.write.1.tlog
d:\universidad\segundo\c++\proyecto2\animalcooking\animalcooking\x64\debug\animalcooking.tlog\link.command.1.tlog
d:\universidad\segundo\c++\proyecto2\animalcooking\animalcooking\x64\debug\animalcooking.tlog\link.read.1.tlog
d:\universidad\segundo\c++\proyecto2\animalcooking\animalcooking\x64\debug\animalcooking.tlog\link.write.1.tlog
d:\universidad\segundo\c++\proyecto2\animalcooking\animalcooking\x64\debug\animalcooking.tlog\rc.command.1.tlog
d:\universidad\segundo\c++\proyecto2\animalcooking\animalcooking\x64\debug\animalcooking.tlog\rc.read.1.tlog
d:\universidad\segundo\c++\proyecto2\animalcooking\animalcooking\x64\debug\animalcooking.tlog\rc.write.1.tlog
