  AIIngredient.cpp
  Attack.cpp
  Component.cpp
  Entity.cpp
  GameControl.cpp
  GameLoader.cpp
  GameLogic.cpp
  GameManager.cpp
  GameSave.cpp
  GPadController.cpp
  IngredientsPool.cpp
  KeyBoardController.cpp
  Manager.cpp
  AnimalCooking.cpp
  ScoreManager.cpp
  ScoreViewer.cpp
  SDLRenderer.cpp
  SDLRendererFrame.cpp
  SoundManager.cpp
  StaticRenderer.cpp
  Generating Code...
  Compiling...
  Transform.cpp
  Generating Code...
  AnimalCooking.vcxproj -> U:\hlocal\AnimalCooking\x64\Debug\AnimalCooking.exe
